[00:46:08.822][INFO][CraftTweaker-EarlyInit]: CraftTweaker is running on a Minecraft 1.21.1 production server modded with platform Fabric
[00:46:08.830][INFO][CraftTweaker-EarlyInit]: Successfully injected RecipeFS file system
[00:46:13.222][INFO][CraftTweaker-Plugins]: Successfully identified and loaded plugin farmersdelight:crafttweaker_plugin
[00:46:13.223][INFO][CraftTweaker-Plugins]: Successfully identified and loaded plugin crafttweaker:fabric
[00:46:13.227][INFO][CraftTweaker-Plugins]: Successfully identified and loaded plugin crafttweaker:compatibility
[00:46:13.228][INFO][CraftTweaker-Plugins]: Successfully identified and loaded plugin crafttweaker:common
[00:46:13.484][INFO][CraftTweaker]: The following mods have explicit CraftTweaker support, provided through the CraftTweaker compatibility plugin:
[00:46:13.485][INFO][CraftTweaker]: - 'crafttweaker' version '21.0.38'
[00:46:13.485][INFO][CraftTweaker]: - 'farmersdelight' version '1.21.1-3.3.3+refabricated'
[00:46:13.667][INFO][CraftTweaker-ZenCode]: Started loading scripts for loader 'initialize'
[00:46:13.867][INFO][CraftTweaker-ZenCode]: Compiling and executing scripts
[00:46:13.888][INFO][CraftTweaker-ZenCode]: Successfully initialized modules [crafttweaker, expansions]
[00:46:13.953][INFO][CraftTweaker-ZenCode]: Execution for loader 'initialize' completed successfully
[00:46:24.899][INFO][CraftTweaker-ZenCode]: Started loading scripts for loader 'tags'
[00:46:24.930][INFO][CraftTweaker-ZenCode]: Compiling and executing scripts
[00:46:24.950][INFO][CraftTweaker-ZenCode]: Successfully initialized modules [crafttweaker, expansions]
[00:46:24.961][INFO][CraftTweaker-ZenCode]: Execution for loader 'tags' completed successfully
[00:46:25.537][INFO][CraftTweaker]: CraftTweaker reload starting!
[00:46:25.542][INFO][CraftTweaker-ZenCode]: Started loading scripts for loader 'crafttweaker'
[00:46:25.566][INFO][CraftTweaker-ZenCode]: Compiling and executing scripts
[00:46:25.922][INFO][CraftTweaker-ZenCode]: Successfully initialized modules [mods, vanilla/api/network/NetworkContext, vanilla/api/network/NetworkReceiver, crafttweaker, expansions]
[00:46:25.933][INFO][CraftTweaker-ZenCode]: Execution for loader 'crafttweaker' completed successfully
[00:46:25.935][INFO][CraftTweaker]: CraftTweaker reload complete!
